[
  {
    "name": "mssqlcli",
    "properties": {
      "Reserved.ChannelUsed": "aivortex",
      "Reserved.SequenceNumber": 1,
      "Reserved.EventId": "6c4fb08f-ef97-433b-b044-c74d53d170a0",
      "Reserved.SessionId": "2e8e8fa8-1912-42c8-bee9-dae023eace55",
      "Reserved.TimeSinceSessionStart": 0,
      "Reserved.DataModel.Source": "DataModelAPI",
      "Reserved.DataModel.EntitySchemaVersion": 4,
      "Reserved.DataModel.Severity": 0,
      "Reserved.DataModel.CorrelationId": "e93ec614-362c-49c1-97f3-8c2ccd45aab5",
      "Context.Default.SQLTools.ExeName": "mssqlcli",
      "Context.Default.SQLTools.ExeVersion": "1.0.0",
      "Context.Default.SQLTools.OS.Type": "darwin",
      "Context.Default.SQLTools.OS.Version": "20.4.0",
      "Context.Default.SQLTools.IsDocker": false,
      "Context.Default.SQLTools.User.Id": "8d5874da1bf27546c35bc4a18de372a4d6f5af65b0bc92686f8782aa40345c38",
      "Context.Default.SQLTools.User.IsMicrosoftInternal": "False",
      "Context.Default.SQLTools.User.IsOptedIn": "True",
      "Context.Default.SQLTools.ShellType": "/usr/local/bin/bash",
      "Context.Default.SQLTools.EnvironmentVariables": "[]",
      "Context.Default.SQLTools.Locale": "en_US,UTF-8",
      "Context.Default.SQLTools.StartTime": "2021-05-18 08:02:01.256448",
      "Context.Default.SQLTools.EndTime": "2021-05-18 08:57:43.106449",
      "Context.Default.SQLTools.SessionDuration": "3341.850001",
      "Context.Default.SQLTools.PythonVersion": "3.7.2",
      "Context.Default.SQLTools.ServerVersion": "15.0.4073.23",
      "Context.Default.SQLTools.ServerEdition": "Enterprise Edition: Core-based Licensing (64-bit)",
      "Context.Default.SQLTools.ConnectionType": "Standalone"
    }
  }
]